[2023-07-20 10:02:09 +0000] [1471166] [INFO] Starting gunicorn 21.2.0
[2023-07-20 10:02:09 +0000] [1471166] [ERROR] Connection in use: ('210.75.240.136', 18888)
[2023-07-20 10:02:09 +0000] [1471166] [ERROR] Retrying in 1 second.
[2023-07-20 10:02:10 +0000] [1471166] [ERROR] Connection in use: ('210.75.240.136', 18888)
[2023-07-20 10:02:10 +0000] [1471166] [ERROR] Retrying in 1 second.
[2023-07-20 10:02:11 +0000] [1471166] [ERROR] Connection in use: ('210.75.240.136', 18888)
[2023-07-20 10:02:11 +0000] [1471166] [ERROR] Retrying in 1 second.
[2023-07-20 10:02:12 +0000] [1471166] [ERROR] Connection in use: ('210.75.240.136', 18888)
[2023-07-20 10:02:12 +0000] [1471166] [ERROR] Retrying in 1 second.
[2023-07-20 10:02:13 +0000] [1471166] [ERROR] Connection in use: ('210.75.240.136', 18888)
[2023-07-20 10:02:13 +0000] [1471166] [ERROR] Retrying in 1 second.
[2023-07-20 10:02:14 +0000] [1471166] [ERROR] Can't connect to ('210.75.240.136', 18888)
[2023-07-20 10:06:09 +0000] [1480881] [INFO] Starting gunicorn 21.2.0
[2023-07-20 10:06:09 +0000] [1480881] [INFO] Listening at: http://210.75.240.136:18888 (1480881)
[2023-07-20 10:06:09 +0000] [1480881] [INFO] Using worker: sync
[2023-07-20 10:06:09 +0000] [1480883] [INFO] Booting worker with pid: 1480883
[2023-07-20 10:06:45 +0000] [1480881] [CRITICAL] WORKER TIMEOUT (pid:1480883)
[2023-07-20 10:06:45 +0000] [1480883] [INFO] Worker exiting (pid: 1480883)
[2023-07-20 10:06:45 +0000] [1480881] [ERROR] Worker (pid:1480883) exited with code 1
[2023-07-20 10:06:45 +0000] [1480881] [ERROR] Worker (pid:1480883) exited with code 1.
[2023-07-20 10:06:45 +0000] [1481592] [INFO] Booting worker with pid: 1481592
[2023-07-20 10:19:17 +0000] [1480881] [ERROR] Worker (pid:1481592) was sent SIGKILL! Perhaps out of memory?
[2023-07-20 10:19:17 +0000] [1499503] [INFO] Booting worker with pid: 1499503
[2023-07-20 10:19:21 +0000] [1499649] [INFO] Starting gunicorn 21.2.0
[2023-07-20 10:19:21 +0000] [1499649] [ERROR] Connection in use: ('210.75.240.136', 18888)
[2023-07-20 10:19:21 +0000] [1499649] [ERROR] Retrying in 1 second.
[2023-07-20 10:19:22 +0000] [1499649] [ERROR] Connection in use: ('210.75.240.136', 18888)
[2023-07-20 10:19:22 +0000] [1499649] [ERROR] Retrying in 1 second.
[2023-07-20 10:19:23 +0000] [1499649] [ERROR] Connection in use: ('210.75.240.136', 18888)
[2023-07-20 10:19:23 +0000] [1499649] [ERROR] Retrying in 1 second.
[2023-07-20 10:19:24 +0000] [1499649] [ERROR] Connection in use: ('210.75.240.136', 18888)
[2023-07-20 10:19:24 +0000] [1499649] [ERROR] Retrying in 1 second.
[2023-07-20 10:19:25 +0000] [1499649] [ERROR] Connection in use: ('210.75.240.136', 18888)
[2023-07-20 10:19:25 +0000] [1499649] [ERROR] Retrying in 1 second.
[2023-07-20 10:19:26 +0000] [1499649] [ERROR] Can't connect to ('210.75.240.136', 18888)
[2023-07-20 10:56:50 +0000] [1480881] [ERROR] Worker (pid:1499503) was sent SIGKILL! Perhaps out of memory?
[2023-07-20 10:56:50 +0000] [1556305] [INFO] Booting worker with pid: 1556305
[2023-07-20 10:56:53 +0000] [1556448] [INFO] Starting gunicorn 21.2.0
[2023-07-20 10:56:53 +0000] [1556448] [ERROR] Connection in use: ('210.75.240.136', 18888)
[2023-07-20 10:56:53 +0000] [1556448] [ERROR] Retrying in 1 second.
[2023-07-20 10:56:54 +0000] [1556448] [ERROR] Connection in use: ('210.75.240.136', 18888)
[2023-07-20 10:56:54 +0000] [1556448] [ERROR] Retrying in 1 second.
[2023-07-20 10:56:55 +0000] [1556448] [ERROR] Connection in use: ('210.75.240.136', 18888)
[2023-07-20 10:56:55 +0000] [1556448] [ERROR] Retrying in 1 second.
[2023-07-20 10:56:56 +0000] [1556448] [ERROR] Connection in use: ('210.75.240.136', 18888)
[2023-07-20 10:56:56 +0000] [1556448] [ERROR] Retrying in 1 second.
[2023-07-20 10:56:57 +0000] [1556448] [ERROR] Connection in use: ('210.75.240.136', 18888)
[2023-07-20 10:56:57 +0000] [1556448] [ERROR] Retrying in 1 second.
[2023-07-20 10:56:58 +0000] [1556448] [ERROR] Can't connect to ('210.75.240.136', 18888)
[2023-07-20 10:57:56 +0000] [1480881] [CRITICAL] WORKER TIMEOUT (pid:1556305)
[2023-07-20 10:57:56 +0000] [1556305] [INFO] Worker exiting (pid: 1556305)
[2023-07-20 10:57:56 +0000] [1480881] [ERROR] Worker (pid:1556305) exited with code 1
[2023-07-20 10:57:56 +0000] [1480881] [ERROR] Worker (pid:1556305) exited with code 1.
[2023-07-20 10:57:56 +0000] [1557478] [INFO] Booting worker with pid: 1557478
[2023-07-20 11:00:55 +0000] [1480881] [ERROR] Worker (pid:1557478) was sent SIGKILL! Perhaps out of memory?
[2023-07-20 11:00:55 +0000] [1563027] [INFO] Booting worker with pid: 1563027
[2023-07-20 11:01:30 +0000] [1480881] [CRITICAL] WORKER TIMEOUT (pid:1563027)
[2023-07-20 11:01:30 +0000] [1563027] [INFO] Worker exiting (pid: 1563027)
[2023-07-20 11:01:30 +0000] [1480881] [ERROR] Worker (pid:1563027) exited with code 1
[2023-07-20 11:01:30 +0000] [1480881] [ERROR] Worker (pid:1563027) exited with code 1.
[2023-07-20 11:01:30 +0000] [1563772] [INFO] Booting worker with pid: 1563772
[2023-07-20 11:02:49 +0000] [1563772] [INFO] Parent changed, shutting down: <Worker 1563772>
[2023-07-20 11:02:49 +0000] [1563772] [INFO] Worker exiting (pid: 1563772)
[2023-07-20 11:30:28 +0000] [1587198] [INFO] Starting gunicorn 21.2.0
[2023-07-20 11:30:28 +0000] [1587198] [ERROR] Connection in use: ('210.75.240.136', 18888)
[2023-07-20 11:30:28 +0000] [1587198] [ERROR] Retrying in 1 second.
[2023-07-20 11:30:29 +0000] [1587198] [ERROR] Connection in use: ('210.75.240.136', 18888)
[2023-07-20 11:30:29 +0000] [1587198] [ERROR] Retrying in 1 second.
[2023-07-20 11:30:30 +0000] [1587198] [ERROR] Connection in use: ('210.75.240.136', 18888)
[2023-07-20 11:30:30 +0000] [1587198] [ERROR] Retrying in 1 second.
[2023-07-20 11:30:31 +0000] [1587198] [ERROR] Connection in use: ('210.75.240.136', 18888)
[2023-07-20 11:30:31 +0000] [1587198] [ERROR] Retrying in 1 second.
[2023-07-20 11:30:32 +0000] [1587198] [ERROR] Connection in use: ('210.75.240.136', 18888)
[2023-07-20 11:30:32 +0000] [1587198] [ERROR] Retrying in 1 second.
[2023-07-20 11:30:33 +0000] [1587198] [ERROR] Can't connect to ('210.75.240.136', 18888)
[2023-07-20 11:54:45 +0000] [1602385] [INFO] Starting gunicorn 21.2.0
[2023-07-20 11:54:45 +0000] [1602385] [INFO] Listening at: http://210.75.240.136:18889 (1602385)
[2023-07-20 11:54:45 +0000] [1602385] [INFO] Using worker: sync
[2023-07-20 11:54:45 +0000] [1602387] [INFO] Booting worker with pid: 1602387
[2023-07-20 11:57:13 +0000] [1602387] [INFO] Worker exiting (pid: 1602387)
[2023-07-20 11:57:14 +0000] [1605241] [INFO] Booting worker with pid: 1605241
[2023-07-20 11:57:29 +0000] [1602385] [INFO] Handling signal: term
[2023-07-20 11:57:29 +0000] [1605241] [INFO] Worker exiting (pid: 1605241)
[2023-07-20 11:57:29 +0000] [1602385] [INFO] Shutting down: Master
[2023-07-20 11:58:16 +0000] [1605501] [INFO] Starting gunicorn 21.2.0
[2023-07-20 11:58:16 +0000] [1605501] [INFO] Listening at: http://210.75.240.136:18889 (1605501)
[2023-07-20 11:58:16 +0000] [1605501] [INFO] Using worker: sync
[2023-07-20 11:58:16 +0000] [1605503] [INFO] Booting worker with pid: 1605503
[2023-07-20 12:00:39 +0000] [1605501] [INFO] Handling signal: term
[2023-07-20 12:00:39 +0000] [1605503] [INFO] Worker exiting (pid: 1605503)
[2023-07-20 12:00:40 +0000] [1605501] [INFO] Shutting down: Master
[2023-07-21 13:46:05 +0000] [2609966] [INFO] Starting gunicorn 21.2.0
[2023-07-21 13:46:05 +0000] [2609966] [INFO] Listening at: http://210.75.240.136:18889 (2609966)
[2023-07-21 13:46:05 +0000] [2609966] [INFO] Using worker: sync
[2023-07-21 13:46:05 +0000] [2609968] [INFO] Booting worker with pid: 2609968
[2023-07-21 13:50:41 +0000] [2609966] [INFO] Handling signal: term
[2023-07-21 13:50:41 +0000] [2609968] [INFO] Worker exiting (pid: 2609968)
[2023-07-21 13:50:41 +0000] [2609966] [INFO] Shutting down: Master
[2023-07-21 13:52:35 +0000] [2613302] [INFO] Starting gunicorn 21.2.0
[2023-07-21 13:52:35 +0000] [2613302] [INFO] Listening at: http://210.75.240.136:18889 (2613302)
[2023-07-21 13:52:35 +0000] [2613302] [INFO] Using worker: sync
[2023-07-21 13:52:35 +0000] [2613304] [INFO] Booting worker with pid: 2613304
[2023-07-22 06:30:44 +0000] [2613302] [CRITICAL] WORKER TIMEOUT (pid:2613304)
[2023-07-22 06:30:44 +0000] [2613304] [INFO] Worker exiting (pid: 2613304)
[2023-07-22 06:30:44 +0000] [2613302] [ERROR] Worker (pid:2613304) exited with code 1
[2023-07-22 06:30:44 +0000] [2613302] [ERROR] Worker (pid:2613304) exited with code 1.
[2023-07-22 06:30:44 +0000] [3297746] [INFO] Booting worker with pid: 3297746
[2023-07-22 06:31:29 +0000] [2613302] [CRITICAL] WORKER TIMEOUT (pid:3297746)
[2023-07-22 06:31:29 +0000] [3297746] [INFO] Worker exiting (pid: 3297746)
[2023-07-22 06:31:30 +0000] [2613302] [ERROR] Worker (pid:3297746) exited with code 1
[2023-07-22 06:31:30 +0000] [2613302] [ERROR] Worker (pid:3297746) exited with code 1.
[2023-07-22 06:31:30 +0000] [3297839] [INFO] Booting worker with pid: 3297839
[2023-07-22 06:32:43 +0000] [2613302] [CRITICAL] WORKER TIMEOUT (pid:3297839)
[2023-07-22 06:32:43 +0000] [3297839] [INFO] Worker exiting (pid: 3297839)
[2023-07-22 06:32:44 +0000] [2613302] [ERROR] Worker (pid:3297839) exited with code 1
[2023-07-22 06:32:44 +0000] [2613302] [ERROR] Worker (pid:3297839) exited with code 1.
[2023-07-22 06:32:44 +0000] [3297927] [INFO] Booting worker with pid: 3297927
[2023-07-22 06:33:44 +0000] [2613302] [CRITICAL] WORKER TIMEOUT (pid:3297927)
[2023-07-22 06:33:44 +0000] [3297927] [INFO] Worker exiting (pid: 3297927)
[2023-07-22 06:33:45 +0000] [2613302] [ERROR] Worker (pid:3297927) exited with code 1
[2023-07-22 06:33:45 +0000] [2613302] [ERROR] Worker (pid:3297927) exited with code 1.
[2023-07-22 06:33:45 +0000] [3298004] [INFO] Booting worker with pid: 3298004
[2023-07-22 06:41:24 +0000] [2613302] [CRITICAL] WORKER TIMEOUT (pid:3298004)
[2023-07-22 06:41:24 +0000] [3298004] [INFO] Worker exiting (pid: 3298004)
[2023-07-22 06:41:25 +0000] [2613302] [ERROR] Worker (pid:3298004) exited with code 1
[2023-07-22 06:41:25 +0000] [2613302] [ERROR] Worker (pid:3298004) exited with code 1.
[2023-07-22 06:41:25 +0000] [3306003] [INFO] Booting worker with pid: 3306003
[2023-07-22 07:03:41 +0000] [2613302] [CRITICAL] WORKER TIMEOUT (pid:3306003)
[2023-07-22 07:03:41 +0000] [3306003] [INFO] Worker exiting (pid: 3306003)
[2023-07-22 07:03:42 +0000] [2613302] [ERROR] Worker (pid:3306003) exited with code 1
[2023-07-22 07:03:42 +0000] [2613302] [ERROR] Worker (pid:3306003) exited with code 1.
[2023-07-22 07:03:42 +0000] [3321327] [INFO] Booting worker with pid: 3321327
[2023-07-22 07:06:07 +0000] [2613302] [INFO] Handling signal: term
[2023-07-22 07:06:27 +0000] [3325254] [INFO] Starting gunicorn 21.2.0
[2023-07-22 07:06:27 +0000] [3325254] [ERROR] Connection in use: ('210.75.240.136', 18889)
[2023-07-22 07:06:27 +0000] [3325254] [ERROR] Retrying in 1 second.
[2023-07-22 07:06:28 +0000] [3325254] [ERROR] Connection in use: ('210.75.240.136', 18889)
[2023-07-22 07:06:28 +0000] [3325254] [ERROR] Retrying in 1 second.
[2023-07-22 07:06:29 +0000] [3325254] [ERROR] Connection in use: ('210.75.240.136', 18889)
[2023-07-22 07:06:29 +0000] [3325254] [ERROR] Retrying in 1 second.
[2023-07-22 07:06:30 +0000] [3325254] [ERROR] Connection in use: ('210.75.240.136', 18889)
[2023-07-22 07:06:30 +0000] [3325254] [ERROR] Retrying in 1 second.
[2023-07-22 07:06:31 +0000] [3325254] [ERROR] Connection in use: ('210.75.240.136', 18889)
[2023-07-22 07:06:31 +0000] [3325254] [ERROR] Retrying in 1 second.
[2023-07-22 07:06:32 +0000] [3325254] [ERROR] Can't connect to ('210.75.240.136', 18889)
[2023-07-22 07:06:37 +0000] [2613302] [INFO] Shutting down: Master
[2023-07-22 07:08:52 +0000] [3325556] [INFO] Starting gunicorn 21.2.0
[2023-07-22 07:08:52 +0000] [3325556] [INFO] Listening at: http://210.75.240.136:18889 (3325556)
[2023-07-22 07:08:52 +0000] [3325556] [INFO] Using worker: sync
[2023-07-22 07:08:52 +0000] [3325558] [INFO] Booting worker with pid: 3325558
[2023-07-22 07:22:38 +0000] [3325556] [CRITICAL] WORKER TIMEOUT (pid:3325558)
[2023-07-22 07:22:38 +0000] [3325558] [INFO] Worker exiting (pid: 3325558)
[2023-07-22 07:22:39 +0000] [3325556] [ERROR] Worker (pid:3325558) exited with code 1
[2023-07-22 07:22:39 +0000] [3325556] [ERROR] Worker (pid:3325558) exited with code 1.
[2023-07-22 07:22:39 +0000] [3337172] [INFO] Booting worker with pid: 3337172
[2023-07-22 07:26:51 +0000] [3325556] [CRITICAL] WORKER TIMEOUT (pid:3337172)
[2023-07-22 07:26:51 +0000] [3337172] [INFO] Worker exiting (pid: 3337172)
[2023-07-22 07:26:52 +0000] [3325556] [ERROR] Worker (pid:3337172) was sent SIGKILL! Perhaps out of memory?
[2023-07-22 07:26:52 +0000] [3342479] [INFO] Booting worker with pid: 3342479
[2023-07-22 07:27:56 +0000] [3325556] [CRITICAL] WORKER TIMEOUT (pid:3342479)
[2023-07-22 07:27:56 +0000] [3342479] [INFO] Worker exiting (pid: 3342479)
[2023-07-22 07:27:57 +0000] [3325556] [ERROR] Worker (pid:3342479) was sent SIGKILL! Perhaps out of memory?
[2023-07-22 07:27:57 +0000] [3342544] [INFO] Booting worker with pid: 3342544
[2023-07-22 07:29:37 +0000] [3325556] [CRITICAL] WORKER TIMEOUT (pid:3342544)
[2023-07-22 07:29:37 +0000] [3342544] [INFO] Worker exiting (pid: 3342544)
[2023-07-22 07:29:38 +0000] [3325556] [ERROR] Worker (pid:3342544) was sent SIGKILL! Perhaps out of memory?
[2023-07-22 07:29:38 +0000] [3342650] [INFO] Booting worker with pid: 3342650
[2023-07-22 07:33:01 +0000] [3325556] [CRITICAL] WORKER TIMEOUT (pid:3342650)
[2023-07-22 07:33:01 +0000] [3342650] [INFO] Worker exiting (pid: 3342650)
[2023-07-22 07:33:03 +0000] [3325556] [ERROR] Worker (pid:3342650) was sent SIGKILL! Perhaps out of memory?
[2023-07-22 07:33:03 +0000] [3347187] [INFO] Booting worker with pid: 3347187
[2023-07-22 07:53:11 +0000] [3325556] [INFO] Handling signal: term
[2023-07-22 07:53:11 +0000] [3347187] [INFO] Worker exiting (pid: 3347187)
[2023-07-22 07:53:15 +0000] [3325556] [INFO] Shutting down: Master
[2023-07-22 07:53:21 +0000] [3366020] [INFO] Starting gunicorn 21.2.0
[2023-07-22 07:53:21 +0000] [3366020] [INFO] Listening at: http://210.75.240.136:18889 (3366020)
[2023-07-22 07:53:21 +0000] [3366020] [INFO] Using worker: sync
[2023-07-22 07:53:21 +0000] [3366022] [INFO] Booting worker with pid: 3366022
[2023-07-22 11:51:06 +0000] [3366022] [WARNING] Invalid request from ip=89.248.163.96: Invalid HTTP request line: '\x03\x00\x00/*à\x00\x00\x00\x00\x00Cookie: mstshash=Administr'
[2023-07-22 13:10:55 +0000] [3366020] [CRITICAL] WORKER TIMEOUT (pid:3366022)
[2023-07-22 13:10:55 +0000] [3366022] [INFO] Worker exiting (pid: 3366022)
[2023-07-22 13:10:56 +0000] [3366020] [ERROR] Worker (pid:3366022) was sent SIGKILL! Perhaps out of memory?
[2023-07-22 13:10:56 +0000] [3635489] [INFO] Booting worker with pid: 3635489
[2023-07-22 13:11:55 +0000] [3366020] [CRITICAL] WORKER TIMEOUT (pid:3635489)
[2023-07-22 13:11:55 +0000] [3635489] [INFO] Worker exiting (pid: 3635489)
[2023-07-22 13:11:56 +0000] [3366020] [ERROR] Worker (pid:3635489) exited with code 1
[2023-07-22 13:11:56 +0000] [3366020] [ERROR] Worker (pid:3635489) exited with code 1.
[2023-07-22 13:11:56 +0000] [3635554] [INFO] Booting worker with pid: 3635554
[2023-07-22 13:12:55 +0000] [3366020] [CRITICAL] WORKER TIMEOUT (pid:3635554)
[2023-07-22 13:12:55 +0000] [3635554] [INFO] Worker exiting (pid: 3635554)
[2023-07-22 13:12:55 +0000] [3366020] [ERROR] Worker (pid:3635554) exited with code 1
[2023-07-22 13:12:55 +0000] [3366020] [ERROR] Worker (pid:3635554) exited with code 1.
[2023-07-22 13:12:55 +0000] [3635801] [INFO] Booting worker with pid: 3635801
[2023-07-22 13:13:55 +0000] [3366020] [CRITICAL] WORKER TIMEOUT (pid:3635801)
[2023-07-22 13:13:55 +0000] [3635801] [INFO] Worker exiting (pid: 3635801)
[2023-07-22 13:13:55 +0000] [3366020] [ERROR] Worker (pid:3635801) exited with code 1
[2023-07-22 13:13:55 +0000] [3366020] [ERROR] Worker (pid:3635801) exited with code 1.
[2023-07-22 13:13:55 +0000] [3635859] [INFO] Booting worker with pid: 3635859
[2023-07-22 13:14:55 +0000] [3366020] [CRITICAL] WORKER TIMEOUT (pid:3635859)
[2023-07-22 13:14:55 +0000] [3635859] [INFO] Worker exiting (pid: 3635859)
[2023-07-22 13:14:55 +0000] [3366020] [ERROR] Worker (pid:3635859) exited with code 1
[2023-07-22 13:14:55 +0000] [3366020] [ERROR] Worker (pid:3635859) exited with code 1.
[2023-07-22 13:14:55 +0000] [3635917] [INFO] Booting worker with pid: 3635917
[2023-07-22 13:15:27 +0000] [3366020] [CRITICAL] WORKER TIMEOUT (pid:3635917)
[2023-07-22 13:15:27 +0000] [3635917] [INFO] Worker exiting (pid: 3635917)
[2023-07-22 13:15:27 +0000] [3366020] [ERROR] Worker (pid:3635917) exited with code 1
[2023-07-22 13:15:27 +0000] [3366020] [ERROR] Worker (pid:3635917) exited with code 1.
[2023-07-22 13:15:27 +0000] [3639939] [INFO] Booting worker with pid: 3639939
[2023-07-22 13:33:23 +0000] [3366020] [CRITICAL] WORKER TIMEOUT (pid:3639939)
[2023-07-22 13:33:23 +0000] [3639939] [INFO] Worker exiting (pid: 3639939)
[2023-07-22 13:33:23 +0000] [3366020] [ERROR] Worker (pid:3639939) exited with code 1
[2023-07-22 13:33:23 +0000] [3366020] [ERROR] Worker (pid:3639939) exited with code 1.
[2023-07-22 13:33:23 +0000] [3652212] [INFO] Booting worker with pid: 3652212
[2023-07-22 17:52:18 +0000] [3652212] [WARNING] Invalid request from ip=89.248.163.96: Invalid HTTP request line: '\x03\x00\x00/*à\x00\x00\x00\x00\x00Cookie: mstshash=Administr'
[2023-07-23 03:17:21 +0000] [3366020] [CRITICAL] WORKER TIMEOUT (pid:3652212)
[2023-07-23 03:17:21 +0000] [3652212] [INFO] Worker exiting (pid: 3652212)
[2023-07-23 03:17:21 +0000] [3366020] [ERROR] Worker (pid:3652212) exited with code 1
[2023-07-23 03:17:21 +0000] [3366020] [ERROR] Worker (pid:3652212) exited with code 1.
[2023-07-23 03:17:21 +0000] [4182915] [INFO] Booting worker with pid: 4182915
[2023-07-23 03:38:24 +0000] [3366020] [CRITICAL] WORKER TIMEOUT (pid:4182915)
[2023-07-23 03:38:24 +0000] [4182915] [INFO] Worker exiting (pid: 4182915)
[2023-07-23 03:38:24 +0000] [3366020] [ERROR] Worker (pid:4182915) exited with code 1
[2023-07-23 03:38:24 +0000] [3366020] [ERROR] Worker (pid:4182915) exited with code 1.
[2023-07-23 03:38:24 +0000] [4186908] [INFO] Booting worker with pid: 4186908
[2023-07-23 04:09:17 +0000] [3366020] [INFO] Handling signal: term
[2023-07-23 04:09:17 +0000] [4186908] [INFO] Worker exiting (pid: 4186908)
[2023-07-23 04:09:17 +0000] [3366020] [INFO] Shutting down: Master
[2023-07-23 04:20:25 +0000] [4191380] [INFO] Starting gunicorn 21.2.0
[2023-07-23 04:20:25 +0000] [4191380] [INFO] Listening at: http://210.75.240.136:18889 (4191380)
[2023-07-23 04:20:25 +0000] [4191380] [INFO] Using worker: sync
[2023-07-23 04:20:25 +0000] [4191382] [INFO] Booting worker with pid: 4191382
[2023-07-23 04:20:26 +0000] [4191382] [ERROR] Exception in worker process
Traceback (most recent call last):
  File "/home/lfy/anaconda3/envs/ypq/lib/python3.8/site-packages/gunicorn/arbiter.py", line 609, in spawn_worker
    worker.init_process()
  File "/home/lfy/anaconda3/envs/ypq/lib/python3.8/site-packages/gunicorn/workers/base.py", line 134, in init_process
    self.load_wsgi()
  File "/home/lfy/anaconda3/envs/ypq/lib/python3.8/site-packages/gunicorn/workers/base.py", line 146, in load_wsgi
    self.wsgi = self.app.wsgi()
  File "/home/lfy/anaconda3/envs/ypq/lib/python3.8/site-packages/gunicorn/app/base.py", line 67, in wsgi
    self.callable = self.load()
  File "/home/lfy/anaconda3/envs/ypq/lib/python3.8/site-packages/gunicorn/app/wsgiapp.py", line 58, in load
    return self.load_wsgiapp()
  File "/home/lfy/anaconda3/envs/ypq/lib/python3.8/site-packages/gunicorn/app/wsgiapp.py", line 48, in load_wsgiapp
    return util.import_app(self.app_uri)
  File "/home/lfy/anaconda3/envs/ypq/lib/python3.8/site-packages/gunicorn/util.py", line 371, in import_app
    mod = importlib.import_module(module)
  File "/home/lfy/anaconda3/envs/ypq/lib/python3.8/importlib/__init__.py", line 127, in import_module
    return _bootstrap._gcd_import(name[level:], package, level)
  File "<frozen importlib._bootstrap>", line 1014, in _gcd_import
  File "<frozen importlib._bootstrap>", line 991, in _find_and_load
  File "<frozen importlib._bootstrap>", line 975, in _find_and_load_unlocked
  File "<frozen importlib._bootstrap>", line 671, in _load_unlocked
  File "<frozen importlib._bootstrap_external>", line 843, in exec_module
  File "<frozen importlib._bootstrap>", line 219, in _call_with_frames_removed
  File "/home/lfy/ypq/project_ttqakit/TextTableQAKit/TextTableQAKit/app.py", line 139, in <module>
    @app.route("/default/table", methods=["GET", "POST"])
AttributeError: 'CORS' object has no attribute 'route'
[2023-07-23 04:20:26 +0000] [4191382] [INFO] Worker exiting (pid: 4191382)
[2023-07-23 04:20:26 +0000] [4191380] [ERROR] Worker (pid:4191382) exited with code 3
[2023-07-23 04:20:26 +0000] [4191380] [ERROR] Shutting down: Master
[2023-07-23 04:20:26 +0000] [4191380] [ERROR] Reason: Worker failed to boot.
[2023-07-23 04:21:54 +0000] [4191678] [INFO] Starting gunicorn 21.2.0
[2023-07-23 04:21:54 +0000] [4191678] [INFO] Listening at: http://210.75.240.136:18889 (4191678)
[2023-07-23 04:21:54 +0000] [4191678] [INFO] Using worker: sync
[2023-07-23 04:21:54 +0000] [4191680] [INFO] Booting worker with pid: 4191680
[2023-07-23 04:44:29 +0000] [4191678] [INFO] Handling signal: term
[2023-07-23 04:44:29 +0000] [4191680] [INFO] Worker exiting (pid: 4191680)
[2023-07-23 04:44:29 +0000] [4191678] [INFO] Shutting down: Master
[2023-07-23 04:44:46 +0000] [1032] [INFO] Starting gunicorn 21.2.0
[2023-07-23 04:44:46 +0000] [1032] [INFO] Listening at: http://210.75.240.136:18889 (1032)
[2023-07-23 04:44:46 +0000] [1032] [INFO] Using worker: sync
[2023-07-23 04:44:46 +0000] [1034] [INFO] Booting worker with pid: 1034
[2023-07-23 04:57:39 +0000] [1032] [INFO] Handling signal: term
[2023-07-23 04:57:39 +0000] [1034] [INFO] Worker exiting (pid: 1034)
[2023-07-23 04:57:39 +0000] [1032] [INFO] Shutting down: Master
[2023-07-23 04:57:50 +0000] [2320] [INFO] Starting gunicorn 21.2.0
[2023-07-23 04:57:50 +0000] [2320] [INFO] Listening at: http://210.75.240.136:18889 (2320)
[2023-07-23 04:57:50 +0000] [2320] [INFO] Using worker: sync
[2023-07-23 04:57:50 +0000] [2322] [INFO] Booting worker with pid: 2322
[2023-07-23 05:24:23 +0000] [2320] [INFO] Handling signal: term
[2023-07-23 05:24:23 +0000] [2322] [INFO] Worker exiting (pid: 2322)
[2023-07-23 05:24:23 +0000] [2320] [INFO] Shutting down: Master
[2023-07-23 05:24:26 +0000] [4160] [INFO] Starting gunicorn 21.2.0
[2023-07-23 05:24:26 +0000] [4160] [INFO] Listening at: http://210.75.240.136:18889 (4160)
[2023-07-23 05:24:26 +0000] [4160] [INFO] Using worker: sync
[2023-07-23 05:24:26 +0000] [4162] [INFO] Booting worker with pid: 4162
[2023-07-23 05:27:10 +0000] [4160] [INFO] Handling signal: term
[2023-07-23 05:27:10 +0000] [4162] [INFO] Worker exiting (pid: 4162)
[2023-07-23 05:27:11 +0000] [4160] [INFO] Shutting down: Master
[2023-07-23 05:27:12 +0000] [4431] [INFO] Starting gunicorn 21.2.0
[2023-07-23 05:27:12 +0000] [4431] [INFO] Listening at: http://210.75.240.136:18889 (4431)
[2023-07-23 05:27:12 +0000] [4431] [INFO] Using worker: sync
[2023-07-23 05:27:12 +0000] [4433] [INFO] Booting worker with pid: 4433
[2023-07-23 06:25:19 +0000] [4431] [CRITICAL] WORKER TIMEOUT (pid:4433)
[2023-07-23 06:25:19 +0000] [4433] [INFO] Worker exiting (pid: 4433)
[2023-07-23 06:25:19 +0000] [4431] [ERROR] Worker (pid:4433) exited with code 1
[2023-07-23 06:25:19 +0000] [4431] [ERROR] Worker (pid:4433) exited with code 1.
[2023-07-23 06:25:19 +0000] [11929] [INFO] Booting worker with pid: 11929
[2023-07-23 06:48:15 +0000] [4431] [CRITICAL] WORKER TIMEOUT (pid:11929)
[2023-07-23 06:48:15 +0000] [11929] [INFO] Worker exiting (pid: 11929)
[2023-07-23 06:48:15 +0000] [4431] [ERROR] Worker (pid:11929) exited with code 1
[2023-07-23 06:48:15 +0000] [4431] [ERROR] Worker (pid:11929) exited with code 1.
[2023-07-23 06:48:15 +0000] [15207] [INFO] Booting worker with pid: 15207
[2023-07-23 07:05:58 +0000] [4431] [CRITICAL] WORKER TIMEOUT (pid:15207)
[2023-07-23 07:05:58 +0000] [15207] [INFO] Worker exiting (pid: 15207)
[2023-07-23 07:05:59 +0000] [4431] [ERROR] Worker (pid:15207) exited with code 1
[2023-07-23 07:05:59 +0000] [4431] [ERROR] Worker (pid:15207) exited with code 1.
[2023-07-23 07:05:59 +0000] [18322] [INFO] Booting worker with pid: 18322
[2023-07-23 07:36:23 +0000] [4431] [CRITICAL] WORKER TIMEOUT (pid:18322)
[2023-07-23 07:36:23 +0000] [18322] [INFO] Worker exiting (pid: 18322)
[2023-07-23 07:36:23 +0000] [4431] [ERROR] Worker (pid:18322) exited with code 1
[2023-07-23 07:36:23 +0000] [4431] [ERROR] Worker (pid:18322) exited with code 1.
[2023-07-23 07:36:23 +0000] [33038] [INFO] Booting worker with pid: 33038
[2023-07-23 07:42:42 +0000] [4431] [CRITICAL] WORKER TIMEOUT (pid:33038)
[2023-07-23 07:42:42 +0000] [33038] [INFO] Worker exiting (pid: 33038)
[2023-07-23 07:42:43 +0000] [4431] [ERROR] Worker (pid:33038) exited with code 1
[2023-07-23 07:42:43 +0000] [4431] [ERROR] Worker (pid:33038) exited with code 1.
[2023-07-23 07:42:43 +0000] [36018] [INFO] Booting worker with pid: 36018
[2023-07-23 07:43:15 +0000] [4431] [CRITICAL] WORKER TIMEOUT (pid:36018)
[2023-07-23 07:43:15 +0000] [36018] [INFO] Worker exiting (pid: 36018)
[2023-07-23 07:43:15 +0000] [4431] [ERROR] Worker (pid:36018) exited with code 1
[2023-07-23 07:43:15 +0000] [4431] [ERROR] Worker (pid:36018) exited with code 1.
[2023-07-23 07:43:15 +0000] [36189] [INFO] Booting worker with pid: 36189
[2023-07-23 07:47:38 +0000] [4431] [CRITICAL] WORKER TIMEOUT (pid:36189)
[2023-07-23 07:47:38 +0000] [36189] [INFO] Worker exiting (pid: 36189)
[2023-07-23 07:47:38 +0000] [4431] [ERROR] Worker (pid:36189) exited with code 1
[2023-07-23 07:47:38 +0000] [4431] [ERROR] Worker (pid:36189) exited with code 1.
[2023-07-23 07:47:38 +0000] [38049] [INFO] Booting worker with pid: 38049
[2023-07-23 07:59:43 +0000] [4431] [CRITICAL] WORKER TIMEOUT (pid:38049)
[2023-07-23 07:59:43 +0000] [38049] [INFO] Worker exiting (pid: 38049)
[2023-07-23 07:59:44 +0000] [4431] [ERROR] Worker (pid:38049) exited with code 1
[2023-07-23 07:59:44 +0000] [4431] [ERROR] Worker (pid:38049) exited with code 1.
[2023-07-23 07:59:44 +0000] [40542] [INFO] Booting worker with pid: 40542
[2023-07-23 08:03:45 +0000] [4431] [CRITICAL] WORKER TIMEOUT (pid:40542)
[2023-07-23 08:03:45 +0000] [40542] [INFO] Worker exiting (pid: 40542)
[2023-07-23 08:03:45 +0000] [4431] [ERROR] Worker (pid:40542) exited with code 1
[2023-07-23 08:03:45 +0000] [4431] [ERROR] Worker (pid:40542) exited with code 1.
[2023-07-23 08:03:45 +0000] [42080] [INFO] Booting worker with pid: 42080
[2023-07-23 14:08:42 +0000] [4431] [CRITICAL] WORKER TIMEOUT (pid:42080)
[2023-07-23 14:08:42 +0000] [42080] [INFO] Worker exiting (pid: 42080)
[2023-07-23 14:08:43 +0000] [4431] [ERROR] Worker (pid:42080) was sent SIGKILL! Perhaps out of memory?
[2023-07-23 14:08:43 +0000] [140811] [INFO] Booting worker with pid: 140811
[2023-07-24 07:50:52 +0000] [140811] [WARNING] Invalid request from ip=89.248.163.96: Invalid HTTP request line: '\x03\x00\x00/*à\x00\x00\x00\x00\x00Cookie: mstshash=Administr'
[2023-07-24 08:03:51 +0000] [4431] [INFO] Handling signal: term
[2023-07-24 08:03:51 +0000] [140811] [INFO] Worker exiting (pid: 140811)
[2023-07-24 08:03:51 +0000] [4431] [INFO] Shutting down: Master
[2023-07-24 08:04:11 +0000] [498727] [INFO] Starting gunicorn 21.2.0
[2023-07-24 08:04:11 +0000] [498727] [INFO] Listening at: http://210.75.240.136:18889 (498727)
[2023-07-24 08:04:11 +0000] [498727] [INFO] Using worker: sync
[2023-07-24 08:04:11 +0000] [498729] [INFO] Booting worker with pid: 498729
[2023-07-24 08:18:56 +0000] [498727] [INFO] Handling signal: term
[2023-07-24 08:18:56 +0000] [498729] [INFO] Worker exiting (pid: 498729)
[2023-07-24 08:18:56 +0000] [498727] [INFO] Shutting down: Master
[2023-07-24 08:18:58 +0000] [519649] [INFO] Starting gunicorn 21.2.0
[2023-07-24 08:18:58 +0000] [519649] [INFO] Listening at: http://210.75.240.136:18889 (519649)
[2023-07-24 08:18:58 +0000] [519649] [INFO] Using worker: sync
[2023-07-24 08:18:58 +0000] [519651] [INFO] Booting worker with pid: 519651
[2023-07-24 08:35:40 +0000] [519649] [INFO] Handling signal: term
[2023-07-24 08:35:40 +0000] [519651] [INFO] Worker exiting (pid: 519651)
[2023-07-24 08:35:42 +0000] [519649] [INFO] Shutting down: Master
[2023-07-24 08:35:50 +0000] [542350] [INFO] Starting gunicorn 21.2.0
[2023-07-24 08:35:50 +0000] [542350] [INFO] Listening at: http://210.75.240.136:18889 (542350)
[2023-07-24 08:35:50 +0000] [542350] [INFO] Using worker: sync
[2023-07-24 08:35:50 +0000] [542353] [INFO] Booting worker with pid: 542353
[2023-07-24 18:08:17 +0000] [542353] [WARNING] Invalid request from ip=89.248.163.224: Invalid HTTP request line: '\x03\x00\x00/*à\x00\x00\x00\x00\x00Cookie: mstshash=Administr'
[2023-07-25 08:46:49 +0000] [542350] [INFO] Handling signal: term
[2023-07-25 08:46:49 +0000] [542353] [INFO] Worker exiting (pid: 542353)
[2023-07-25 08:46:50 +0000] [542350] [INFO] Shutting down: Master
[2023-07-25 08:47:03 +0000] [2758490] [INFO] Starting gunicorn 21.2.0
[2023-07-25 08:47:03 +0000] [2758490] [INFO] Listening at: http://210.75.240.136:18889 (2758490)
[2023-07-25 08:47:03 +0000] [2758490] [INFO] Using worker: sync
[2023-07-25 08:47:03 +0000] [2758495] [INFO] Booting worker with pid: 2758495
[2023-07-25 08:56:01 +0000] [2758490] [INFO] Handling signal: term
[2023-07-25 08:56:01 +0000] [2758495] [INFO] Worker exiting (pid: 2758495)
[2023-07-25 08:56:01 +0000] [2758490] [INFO] Shutting down: Master
[2023-07-25 08:56:03 +0000] [2770913] [INFO] Starting gunicorn 21.2.0
[2023-07-25 08:56:03 +0000] [2770913] [INFO] Listening at: http://210.75.240.136:18889 (2770913)
[2023-07-25 08:56:03 +0000] [2770913] [INFO] Using worker: sync
[2023-07-25 08:56:03 +0000] [2770915] [INFO] Booting worker with pid: 2770915
[2023-07-25 09:04:18 +0000] [2770913] [INFO] Handling signal: term
[2023-07-25 09:04:18 +0000] [2770915] [INFO] Worker exiting (pid: 2770915)
[2023-07-25 09:04:18 +0000] [2770913] [INFO] Shutting down: Master
[2023-07-25 09:04:27 +0000] [2777852] [INFO] Starting gunicorn 21.2.0
[2023-07-25 09:04:27 +0000] [2777852] [INFO] Listening at: http://210.75.240.136:18889 (2777852)
[2023-07-25 09:04:27 +0000] [2777852] [INFO] Using worker: sync
[2023-07-25 09:04:27 +0000] [2777858] [INFO] Booting worker with pid: 2777858
[2023-07-25 09:05:13 +0000] [2777852] [INFO] Handling signal: term
[2023-07-25 09:05:13 +0000] [2777858] [INFO] Worker exiting (pid: 2777858)
[2023-07-25 09:05:14 +0000] [2777852] [INFO] Shutting down: Master
[2023-07-25 09:05:15 +0000] [2779684] [INFO] Starting gunicorn 21.2.0
[2023-07-25 09:05:15 +0000] [2779684] [INFO] Listening at: http://210.75.240.136:18889 (2779684)
[2023-07-25 09:05:15 +0000] [2779684] [INFO] Using worker: sync
[2023-07-25 09:05:15 +0000] [2779686] [INFO] Booting worker with pid: 2779686
[2023-07-25 09:06:22 +0000] [2779684] [INFO] Handling signal: term
[2023-07-25 09:06:22 +0000] [2779686] [INFO] Worker exiting (pid: 2779686)
[2023-07-25 09:06:23 +0000] [2779684] [INFO] Shutting down: Master
[2023-07-25 09:06:24 +0000] [2780806] [INFO] Starting gunicorn 21.2.0
[2023-07-25 09:06:24 +0000] [2780806] [INFO] Listening at: http://210.75.240.136:18889 (2780806)
[2023-07-25 09:06:24 +0000] [2780806] [INFO] Using worker: sync
[2023-07-25 09:06:24 +0000] [2780808] [INFO] Booting worker with pid: 2780808
[2023-07-25 09:08:53 +0000] [2780808] [WARNING] Invalid request from ip=89.248.163.224: Invalid HTTP request line: '\x03\x00\x00/*à\x00\x00\x00\x00\x00Cookie: mstshash=Administr'
[2023-07-25 09:12:01 +0000] [2780806] [INFO] Handling signal: term
[2023-07-25 09:12:01 +0000] [2780808] [INFO] Worker exiting (pid: 2780808)
[2023-07-25 09:12:01 +0000] [2780806] [INFO] Shutting down: Master
[2023-07-25 09:12:10 +0000] [2788101] [INFO] Starting gunicorn 21.2.0
[2023-07-25 09:12:10 +0000] [2788101] [INFO] Listening at: http://210.75.240.136:18889 (2788101)
[2023-07-25 09:12:10 +0000] [2788101] [INFO] Using worker: sync
[2023-07-25 09:12:10 +0000] [2788103] [INFO] Booting worker with pid: 2788103
[2023-07-25 12:25:45 +0000] [2788103] [WARNING] Invalid request from ip=141.98.11.58: Invalid HTTP request line: '\x03\x00\x00/*à\x00\x00\x00\x00\x00Cookie: mstshash=Administr'
[2023-07-25 16:10:37 +0000] [2788103] [WARNING] Invalid request from ip=89.248.163.224: Invalid HTTP request line: '\x03\x00\x00/*à\x00\x00\x00\x00\x00Cookie: mstshash=Administr'
[2023-07-26 07:44:30 +0000] [4124993] [INFO] Starting gunicorn 21.2.0
[2023-07-26 07:44:30 +0000] [4124993] [INFO] Listening at: http://210.75.240.136:18889 (4124993)
[2023-07-26 07:44:30 +0000] [4124993] [INFO] Using worker: sync
[2023-07-26 07:44:30 +0000] [4124996] [INFO] Booting worker with pid: 4124996
[2023-07-26 07:46:05 +0000] [4124993] [INFO] Handling signal: term
[2023-07-26 07:46:05 +0000] [4124996] [INFO] Worker exiting (pid: 4124996)
[2023-07-26 07:46:05 +0000] [4124993] [INFO] Shutting down: Master
[2023-07-26 07:46:06 +0000] [4127405] [INFO] Starting gunicorn 21.2.0
[2023-07-26 07:46:06 +0000] [4127405] [INFO] Listening at: http://210.75.240.136:18889 (4127405)
[2023-07-26 07:46:06 +0000] [4127405] [INFO] Using worker: sync
[2023-07-26 07:46:06 +0000] [4127409] [INFO] Booting worker with pid: 4127409
[2023-07-26 07:49:32 +0000] [4127405] [INFO] Handling signal: term
[2023-07-26 07:49:32 +0000] [4127409] [INFO] Worker exiting (pid: 4127409)
[2023-07-26 07:49:32 +0000] [4127405] [INFO] Shutting down: Master
[2023-07-26 07:49:33 +0000] [4129066] [INFO] Starting gunicorn 21.2.0
[2023-07-26 07:49:33 +0000] [4129066] [INFO] Listening at: http://210.75.240.136:18889 (4129066)
[2023-07-26 07:49:33 +0000] [4129066] [INFO] Using worker: sync
[2023-07-26 07:49:33 +0000] [4129068] [INFO] Booting worker with pid: 4129068
[2023-07-26 07:50:58 +0000] [4129066] [INFO] Handling signal: term
[2023-07-26 07:50:58 +0000] [4129068] [INFO] Worker exiting (pid: 4129068)
[2023-07-26 07:50:59 +0000] [4129066] [INFO] Shutting down: Master
[2023-07-26 07:50:59 +0000] [4131491] [INFO] Starting gunicorn 21.2.0
[2023-07-26 07:50:59 +0000] [4131491] [INFO] Listening at: http://210.75.240.136:18889 (4131491)
[2023-07-26 07:50:59 +0000] [4131491] [INFO] Using worker: sync
[2023-07-26 07:50:59 +0000] [4131493] [INFO] Booting worker with pid: 4131493
[2023-07-26 07:55:01 +0000] [4131491] [INFO] Handling signal: term
[2023-07-26 07:55:01 +0000] [4131493] [INFO] Worker exiting (pid: 4131493)
[2023-07-26 07:55:01 +0000] [4131491] [INFO] Shutting down: Master
[2023-07-26 07:55:17 +0000] [4135293] [INFO] Starting gunicorn 21.2.0
[2023-07-26 07:55:17 +0000] [4135293] [INFO] Listening at: http://210.75.240.136:18889 (4135293)
[2023-07-26 07:55:17 +0000] [4135293] [INFO] Using worker: sync
[2023-07-26 07:55:17 +0000] [4135326] [INFO] Booting worker with pid: 4135326
[2023-07-26 07:55:59 +0000] [4135293] [CRITICAL] WORKER TIMEOUT (pid:4135326)
[2023-07-26 07:56:00 +0000] [4135326] [INFO] Worker exiting (pid: 4135326)
[2023-07-26 07:56:00 +0000] [4135293] [ERROR] Worker (pid:4135326) exited with code 1
[2023-07-26 07:56:00 +0000] [4135293] [ERROR] Worker (pid:4135326) exited with code 1.
[2023-07-26 07:56:00 +0000] [4135894] [INFO] Booting worker with pid: 4135894
[2023-07-26 07:56:32 +0000] [4135293] [CRITICAL] WORKER TIMEOUT (pid:4135894)
[2023-07-26 07:56:33 +0000] [4135894] [INFO] Worker exiting (pid: 4135894)
[2023-07-26 07:56:33 +0000] [4135293] [ERROR] Worker (pid:4135894) exited with code 1
[2023-07-26 07:56:33 +0000] [4135293] [ERROR] Worker (pid:4135894) exited with code 1.
[2023-07-26 07:56:33 +0000] [4136297] [INFO] Booting worker with pid: 4136297
[2023-07-26 07:57:05 +0000] [4135293] [CRITICAL] WORKER TIMEOUT (pid:4136297)
[2023-07-26 07:57:06 +0000] [4135293] [ERROR] Worker (pid:4136297) was sent SIGKILL! Perhaps out of memory?
[2023-07-26 07:57:06 +0000] [4136693] [INFO] Booting worker with pid: 4136693
[2023-07-26 07:57:38 +0000] [4135293] [CRITICAL] WORKER TIMEOUT (pid:4136693)
[2023-07-26 07:57:38 +0000] [4135293] [INFO] Handling signal: term
[2023-07-26 07:57:38 +0000] [4135293] [ERROR] Worker (pid:4136693) was sent SIGKILL! Perhaps out of memory?
[2023-07-26 07:57:38 +0000] [4135293] [INFO] Shutting down: Master
[2023-07-26 07:57:45 +0000] [4137002] [INFO] Starting gunicorn 21.2.0
[2023-07-26 07:57:45 +0000] [4137002] [INFO] Listening at: http://210.75.240.136:18889 (4137002)
[2023-07-26 07:57:45 +0000] [4137002] [INFO] Using worker: sync
[2023-07-26 07:57:45 +0000] [4137004] [INFO] Booting worker with pid: 4137004
[2023-07-26 07:58:49 +0000] [4137002] [CRITICAL] WORKER TIMEOUT (pid:4137004)
[2023-07-26 07:58:50 +0000] [4137002] [ERROR] Worker (pid:4137004) was sent SIGKILL! Perhaps out of memory?
[2023-07-26 07:58:50 +0000] [4137627] [INFO] Booting worker with pid: 4137627
[2023-07-26 08:02:02 +0000] [4137002] [CRITICAL] WORKER TIMEOUT (pid:4137627)
[2023-07-26 08:02:02 +0000] [4137627] [INFO] Worker exiting (pid: 4137627)
[2023-07-26 08:02:03 +0000] [4137002] [ERROR] Worker (pid:4137627) exited with code 1
[2023-07-26 08:02:03 +0000] [4137002] [ERROR] Worker (pid:4137627) exited with code 1.
[2023-07-26 08:02:03 +0000] [4140990] [INFO] Booting worker with pid: 4140990
[2023-07-26 08:02:19 +0000] [4140990] [INFO] Worker exiting (pid: 4140990)
[2023-07-26 08:02:19 +0000] [4141248] [INFO] Booting worker with pid: 4141248
[2023-07-26 08:02:21 +0000] [4141324] [INFO] Starting gunicorn 21.2.0
[2023-07-26 08:02:21 +0000] [4141324] [ERROR] Connection in use: ('210.75.240.136', 18889)
[2023-07-26 08:02:21 +0000] [4141324] [ERROR] Retrying in 1 second.
[2023-07-26 08:02:22 +0000] [4141324] [ERROR] Connection in use: ('210.75.240.136', 18889)
[2023-07-26 08:02:22 +0000] [4141324] [ERROR] Retrying in 1 second.
[2023-07-26 08:02:23 +0000] [4141324] [ERROR] Connection in use: ('210.75.240.136', 18889)
[2023-07-26 08:02:23 +0000] [4141324] [ERROR] Retrying in 1 second.
[2023-07-26 08:02:24 +0000] [4141324] [ERROR] Connection in use: ('210.75.240.136', 18889)
[2023-07-26 08:02:24 +0000] [4141324] [ERROR] Retrying in 1 second.
[2023-07-26 08:02:25 +0000] [4141324] [ERROR] Connection in use: ('210.75.240.136', 18889)
[2023-07-26 08:02:25 +0000] [4141324] [ERROR] Retrying in 1 second.
[2023-07-26 08:02:26 +0000] [4141324] [ERROR] Can't connect to ('210.75.240.136', 18889)
[2023-07-26 08:02:32 +0000] [4141437] [INFO] Starting gunicorn 21.2.0
[2023-07-26 08:02:32 +0000] [4141437] [ERROR] Connection in use: ('210.75.240.136', 18889)
[2023-07-26 08:02:32 +0000] [4141437] [ERROR] Retrying in 1 second.
[2023-07-26 08:02:33 +0000] [4141437] [ERROR] Connection in use: ('210.75.240.136', 18889)
[2023-07-26 08:02:33 +0000] [4141437] [ERROR] Retrying in 1 second.
[2023-07-26 08:02:34 +0000] [4141437] [ERROR] Connection in use: ('210.75.240.136', 18889)
[2023-07-26 08:02:34 +0000] [4141437] [ERROR] Retrying in 1 second.
[2023-07-26 08:02:35 +0000] [4141437] [ERROR] Connection in use: ('210.75.240.136', 18889)
[2023-07-26 08:02:35 +0000] [4141437] [ERROR] Retrying in 1 second.
[2023-07-26 08:02:36 +0000] [4141437] [ERROR] Connection in use: ('210.75.240.136', 18889)
[2023-07-26 08:02:36 +0000] [4141437] [ERROR] Retrying in 1 second.
[2023-07-26 08:02:37 +0000] [4141437] [ERROR] Can't connect to ('210.75.240.136', 18889)
[2023-07-26 08:03:07 +0000] [4141687] [INFO] Starting gunicorn 21.2.0
[2023-07-26 08:03:07 +0000] [4141687] [INFO] Listening at: http://210.75.240.136:18890 (4141687)
[2023-07-26 08:03:07 +0000] [4141687] [INFO] Using worker: sync
[2023-07-26 08:03:07 +0000] [4141690] [INFO] Booting worker with pid: 4141690
[2023-07-26 08:03:07 +0000] [4141691] [INFO] Booting worker with pid: 4141691
[2023-07-26 08:03:07 +0000] [4141747] [INFO] Booting worker with pid: 4141747
[2023-07-26 08:03:07 +0000] [4141749] [INFO] Booting worker with pid: 4141749
[2023-07-26 08:08:45 +0000] [4141687] [INFO] Handling signal: term
[2023-07-26 08:08:45 +0000] [4141749] [INFO] Worker exiting (pid: 4141749)
[2023-07-26 08:08:45 +0000] [4141690] [INFO] Worker exiting (pid: 4141690)
[2023-07-26 08:08:45 +0000] [4141691] [INFO] Worker exiting (pid: 4141691)
[2023-07-26 08:08:45 +0000] [4141747] [INFO] Worker exiting (pid: 4141747)
[2023-07-26 08:08:45 +0000] [4141687] [INFO] Shutting down: Master
[2023-07-26 08:08:47 +0000] [4146125] [INFO] Starting gunicorn 21.2.0
[2023-07-26 08:08:47 +0000] [4146125] [INFO] Listening at: http://210.75.240.136:18890 (4146125)
[2023-07-26 08:08:47 +0000] [4146125] [INFO] Using worker: sync
[2023-07-26 08:08:47 +0000] [4146135] [INFO] Booting worker with pid: 4146135
[2023-07-26 08:08:47 +0000] [4146136] [INFO] Booting worker with pid: 4146136
[2023-07-26 08:08:47 +0000] [4146137] [INFO] Booting worker with pid: 4146137
[2023-07-26 08:08:47 +0000] [4146138] [INFO] Booting worker with pid: 4146138
[2023-07-26 08:09:12 +0000] [4146125] [INFO] Handling signal: term
[2023-07-26 08:09:12 +0000] [4146138] [INFO] Worker exiting (pid: 4146138)
[2023-07-26 08:09:12 +0000] [4146135] [INFO] Worker exiting (pid: 4146135)
[2023-07-26 08:09:12 +0000] [4146137] [INFO] Worker exiting (pid: 4146137)
[2023-07-26 08:09:12 +0000] [4146136] [INFO] Worker exiting (pid: 4146136)
[2023-07-26 08:09:12 +0000] [4146125] [INFO] Shutting down: Master
[2023-07-26 08:09:13 +0000] [4146556] [INFO] Starting gunicorn 21.2.0
[2023-07-26 08:09:13 +0000] [4146556] [INFO] Listening at: http://210.75.240.136:18890 (4146556)
[2023-07-26 08:09:13 +0000] [4146556] [INFO] Using worker: sync
[2023-07-26 08:09:13 +0000] [4146559] [INFO] Booting worker with pid: 4146559
[2023-07-26 08:09:13 +0000] [4146560] [INFO] Booting worker with pid: 4146560
[2023-07-26 08:09:13 +0000] [4146561] [INFO] Booting worker with pid: 4146561
[2023-07-26 08:09:13 +0000] [4146617] [INFO] Booting worker with pid: 4146617
[2023-07-26 08:11:15 +0000] [4146556] [INFO] Handling signal: term
[2023-07-26 08:11:15 +0000] [4146561] [INFO] Worker exiting (pid: 4146561)
[2023-07-26 08:11:15 +0000] [4146560] [INFO] Worker exiting (pid: 4146560)
[2023-07-26 08:11:15 +0000] [4146617] [INFO] Worker exiting (pid: 4146617)
[2023-07-26 08:11:15 +0000] [4146559] [INFO] Worker exiting (pid: 4146559)
[2023-07-26 08:11:15 +0000] [4146556] [INFO] Shutting down: Master
[2023-07-26 08:11:17 +0000] [4149423] [INFO] Starting gunicorn 21.2.0
[2023-07-26 08:11:17 +0000] [4149423] [INFO] Listening at: http://210.75.240.136:18890 (4149423)
[2023-07-26 08:11:17 +0000] [4149423] [INFO] Using worker: sync
[2023-07-26 08:11:17 +0000] [4149429] [INFO] Booting worker with pid: 4149429
[2023-07-26 08:11:17 +0000] [4149431] [INFO] Booting worker with pid: 4149431
[2023-07-26 08:11:17 +0000] [4149484] [INFO] Booting worker with pid: 4149484
[2023-07-26 08:11:18 +0000] [4149488] [INFO] Booting worker with pid: 4149488
[2023-07-26 08:16:59 +0000] [4149423] [INFO] Handling signal: term
[2023-07-26 08:16:59 +0000] [4149429] [INFO] Worker exiting (pid: 4149429)
[2023-07-26 08:16:59 +0000] [4149488] [INFO] Worker exiting (pid: 4149488)
[2023-07-26 08:16:59 +0000] [4149431] [INFO] Worker exiting (pid: 4149431)
[2023-07-26 08:16:59 +0000] [4149484] [INFO] Worker exiting (pid: 4149484)
[2023-07-26 08:16:59 +0000] [4149423] [INFO] Shutting down: Master
[2023-07-26 08:17:00 +0000] [4155427] [INFO] Starting gunicorn 21.2.0
[2023-07-26 08:17:00 +0000] [4155427] [INFO] Listening at: http://210.75.240.136:18890 (4155427)
[2023-07-26 08:17:00 +0000] [4155427] [INFO] Using worker: sync
[2023-07-26 08:17:00 +0000] [4155430] [INFO] Booting worker with pid: 4155430
[2023-07-26 08:17:00 +0000] [4155431] [INFO] Booting worker with pid: 4155431
[2023-07-26 08:17:00 +0000] [4155432] [INFO] Booting worker with pid: 4155432
[2023-07-26 08:17:00 +0000] [4155433] [INFO] Booting worker with pid: 4155433
[2023-07-26 08:19:31 +0000] [4155427] [INFO] Handling signal: term
[2023-07-26 08:19:31 +0000] [4155430] [INFO] Worker exiting (pid: 4155430)
[2023-07-26 08:19:31 +0000] [4155432] [INFO] Worker exiting (pid: 4155432)
[2023-07-26 08:19:31 +0000] [4155431] [INFO] Worker exiting (pid: 4155431)
[2023-07-26 08:19:31 +0000] [4155433] [INFO] Worker exiting (pid: 4155433)
[2023-07-26 08:19:32 +0000] [4155427] [INFO] Shutting down: Master
[2023-07-26 08:19:33 +0000] [4156842] [INFO] Starting gunicorn 21.2.0
[2023-07-26 08:19:33 +0000] [4156842] [INFO] Listening at: http://210.75.240.136:18890 (4156842)
[2023-07-26 08:19:33 +0000] [4156842] [INFO] Using worker: sync
[2023-07-26 08:19:33 +0000] [4156844] [INFO] Booting worker with pid: 4156844
[2023-07-26 08:19:33 +0000] [4156845] [INFO] Booting worker with pid: 4156845
[2023-07-26 08:19:33 +0000] [4156846] [INFO] Booting worker with pid: 4156846
[2023-07-26 08:19:33 +0000] [4156902] [INFO] Booting worker with pid: 4156902
